<?xml version="1.0" encoding="UTF-8"?>
<!-- Generated by org.testng.reporters.JUnitXMLReporter -->
<testsuite hostname="LIN86000240" ignored="0" name="Test" tests="3" failures="0" timestamp="2020-11-17T13:31:46 IST" time="17.139" errors="0">
  <testcase name="BrowserNavigation" time="4.988" classname="Academy.E2EProject.HomePage"/>
  <testcase name="BrowserNavigation" time="3.455" classname="Academy.E2EProject.HomePage"/>
  <testcase name="BrowserNavigation" time="0.247" classname="Academy.E2EProject.Assertions"/>
</testsuite> <!-- Test -->
