<?xml version="1.0" encoding="UTF-8"?>
<!-- Generated by org.testng.reporters.JUnitXMLReporter -->
<testsuite hostname="LIN86000240" ignored="0" name="AssertionFile" tests="2" failures="0" timestamp="2020-12-28T15:49:38 IST" time="0.136" errors="0">
  <testcase name="@BeforeTest Initialisation" time="0.028" classname="Academy.E2EProject.Assertions">
    <failure type="java.lang.NullPointerException">
      <![CDATA[java.lang.NullPointerException
at resources.Base.InitialiseDriver(Base.java:35)
at Academy.E2EProject.Assertions.Initialisation(Assertions.java:26)
at java.util.concurrent.FutureTask.run(FutureTask.java:266)
at java.util.concurrent.ThreadPoolExecutor.runWorker(ThreadPoolExecutor.java:1149)
at java.util.concurrent.ThreadPoolExecutor$Worker.run(ThreadPoolExecutor.java:624)
at java.lang.Thread.run(Thread.java:748)
... Removed 15 stack frames]]>
    </failure>
  </testcase> <!-- @BeforeTest Initialisation -->
  <testcase name="@AfterTest Dump" time="-1.609150778507E9" classname="Academy.E2EProject.Assertions">
    <skipped/>
  </testcase> <!-- @AfterTest Dump -->
  <testcase name="BrowserNavigation" time="0.0" classname="Academy.E2EProject.Assertions">
    <skipped/>
  </testcase> <!-- BrowserNavigation -->
  <testcase name="validateHeader" time="0.0" classname="Academy.E2EProject.Assertions">
    <skipped/>
  </testcase> <!-- validateHeader -->
</testsuite> <!-- AssertionFile -->
