<?xml version="1.0" encoding="UTF-8"?>
<!-- Generated by org.testng.reporters.JUnitXMLReporter -->
<testsuite hostname="LIN86000240" ignored="0" name="Test" tests="3" failures="0" timestamp="2020-11-17T13:48:11 IST" time="19.317" errors="0">
  <testcase name="BrowserNavigation" time="5.337" classname="Academy.E2EProject.HomePage"/>
  <testcase name="BrowserNavigation" time="3.893" classname="Academy.E2EProject.HomePage"/>
  <testcase name="BrowserNavigation" time="0.201" classname="Academy.E2EProject.Assertions"/>
</testsuite> <!-- Test -->
