<?xml version="1.0" encoding="UTF-8"?>
<testsuite xmlns:xsi="http://www.w3.org/2001/XMLSchema-instance" xsi:noNamespaceSchemaLocation="https://maven.apache.org/surefire/maven-surefire-plugin/xsd/surefire-test-report-3.0.xsd" version="3.0" name="TestSuite" time="3.704" tests="8" errors="0" skipped="6" failures="2">
  <properties>
[...]
</properties>
  <testcase name="Initialisation" classname="Academy.E2EProject.HomePage" time="2.396">
    <failure type="java.lang.NullPointerException"><![CDATA[java.lang.NullPointerException
	at Academy.E2EProject.HomePage.Initialisation(HomePage.java:26)
]]></failure>
    <system-out><![CDATA[null
null
]]></system-out>
  </testcase>
  <testcase name="BrowserNavigation[restrictedusr@g.com, restrictedusr](1)" classname="Academy.E2EProject.HomePage" time="0">
    <skipped/>
  </testcase>
  <testcase name="BrowserNavigation[nonrestrictedusr@g.com, nonrestrictedusr](2)" classname="Academy.E2EProject.HomePage" time="0">
    <skipped/>
  </testcase>
  <testcase name="Dump" classname="Academy.E2EProject.HomePage" time="0">
    <skipped/>
  </testcase>
  <testcase name="Initialisation" classname="Academy.E2EProject.Assertions" time="2.397">
    <failure type="java.lang.NullPointerException"><![CDATA[java.lang.NullPointerException
	at Academy.E2EProject.Assertions.Initialisation(Assertions.java:26)
]]></failure>
  </testcase>
  <testcase name="BrowserNavigation" classname="Academy.E2EProject.Assertions" time="0">
    <skipped/>
  </testcase>
  <testcase name="validateHeader" classname="Academy.E2EProject.Assertions" time="0">
    <skipped/>
  </testcase>
  <testcase name="Dump" classname="Academy.E2EProject.Assertions" time="0">
    <skipped/>
  </testcase>
</testsuite>