<?xml version="1.0" encoding="UTF-8"?>
<testng-results skipped="4" failed="0" ignored="0" total="4" passed="0">
  <reporter-output>
  </reporter-output>
  <suite name="Suite" duration-ms="138" started-at="2020-12-28T15:49:38 IST" finished-at="2020-12-28T15:49:38 IST">
    <groups>
    </groups>
    <test name="AssertionFile" duration-ms="136" started-at="2020-12-28T15:49:38 IST" finished-at="2020-12-28T15:49:38 IST">
      <class name="Academy.E2EProject.Assertions">
        <test-method status="FAIL" signature="Initialisation()[pri:0, instance:Academy.E2EProject.Assertions@5386659f]" name="Initialisation" is-config="true" duration-ms="28" started-at="2020-12-28T15:49:38 IST" finished-at="2020-12-28T15:49:38 IST">
          <exception class="java.lang.NullPointerException">
            <full-stacktrace>
              <![CDATA[java.lang.NullPointerException
at resources.Base.InitialiseDriver(Base.java:35)
at Academy.E2EProject.Assertions.Initialisation(Assertions.java:26)
at sun.reflect.NativeMethodAccessorImpl.invoke0(Native Method)
at sun.reflect.NativeMethodAccessorImpl.invoke(NativeMethodAccessorImpl.java:62)
at sun.reflect.DelegatingMethodAccessorImpl.invoke(DelegatingMethodAccessorImpl.java:43)
at java.lang.reflect.Method.invoke(Method.java:498)
at org.testng.internal.MethodInvocationHelper.invokeMethod(MethodInvocationHelper.java:132)
at org.testng.internal.MethodInvocationHelper.invokeMethodConsideringTimeout(MethodInvocationHelper.java:61)
at org.testng.internal.ConfigInvoker.invokeConfigurationMethod(ConfigInvoker.java:366)
at org.testng.internal.ConfigInvoker.invokeConfigurations(ConfigInvoker.java:320)
at org.testng.TestRunner.invokeTestConfigurations(TestRunner.java:617)
at org.testng.TestRunner.beforeRun(TestRunner.java:607)
at org.testng.TestRunner.run(TestRunner.java:578)
at org.testng.SuiteRunner.runTest(SuiteRunner.java:384)
at org.testng.SuiteRunner.access$000(SuiteRunner.java:28)
at org.testng.SuiteRunner$SuiteWorker.run(SuiteRunner.java:425)
at org.testng.internal.thread.ThreadUtil.lambda$execute$0(ThreadUtil.java:66)
at java.util.concurrent.FutureTask.run(FutureTask.java:266)
at java.util.concurrent.ThreadPoolExecutor.runWorker(ThreadPoolExecutor.java:1149)
at java.util.concurrent.ThreadPoolExecutor$Worker.run(ThreadPoolExecutor.java:624)
at java.lang.Thread.run(Thread.java:748)
]]>
            </full-stacktrace>
          </exception> <!-- java.lang.NullPointerException -->
          <reporter-output>
          </reporter-output>
        </test-method> <!-- Initialisation -->
        <test-method status="SKIP" signature="BrowserNavigation()[pri:0, instance:Academy.E2EProject.Assertions@5386659f]" name="BrowserNavigation" duration-ms="0" started-at="2020-12-28T15:49:38 IST" finished-at="2020-12-28T15:49:38 IST">
          <exception class="java.lang.NullPointerException">
            <full-stacktrace>
              <![CDATA[java.lang.NullPointerException
at resources.Base.InitialiseDriver(Base.java:35)
at Academy.E2EProject.Assertions.Initialisation(Assertions.java:26)
at sun.reflect.NativeMethodAccessorImpl.invoke0(Native Method)
at sun.reflect.NativeMethodAccessorImpl.invoke(NativeMethodAccessorImpl.java:62)
at sun.reflect.DelegatingMethodAccessorImpl.invoke(DelegatingMethodAccessorImpl.java:43)
at java.lang.reflect.Method.invoke(Method.java:498)
at org.testng.internal.MethodInvocationHelper.invokeMethod(MethodInvocationHelper.java:132)
at org.testng.internal.MethodInvocationHelper.invokeMethodConsideringTimeout(MethodInvocationHelper.java:61)
at org.testng.internal.ConfigInvoker.invokeConfigurationMethod(ConfigInvoker.java:366)
at org.testng.internal.ConfigInvoker.invokeConfigurations(ConfigInvoker.java:320)
at org.testng.TestRunner.invokeTestConfigurations(TestRunner.java:617)
at org.testng.TestRunner.beforeRun(TestRunner.java:607)
at org.testng.TestRunner.run(TestRunner.java:578)
at org.testng.SuiteRunner.runTest(SuiteRunner.java:384)
at org.testng.SuiteRunner.access$000(SuiteRunner.java:28)
at org.testng.SuiteRunner$SuiteWorker.run(SuiteRunner.java:425)
at org.testng.internal.thread.ThreadUtil.lambda$execute$0(ThreadUtil.java:66)
at java.util.concurrent.FutureTask.run(FutureTask.java:266)
at java.util.concurrent.ThreadPoolExecutor.runWorker(ThreadPoolExecutor.java:1149)
at java.util.concurrent.ThreadPoolExecutor$Worker.run(ThreadPoolExecutor.java:624)
at java.lang.Thread.run(Thread.java:748)
]]>
            </full-stacktrace>
          </exception> <!-- java.lang.NullPointerException -->
          <reporter-output>
          </reporter-output>
        </test-method> <!-- BrowserNavigation -->
        <test-method status="SKIP" signature="validateHeader()[pri:0, instance:Academy.E2EProject.Assertions@5386659f]" name="validateHeader" duration-ms="0" started-at="2020-12-28T15:49:38 IST" finished-at="2020-12-28T15:49:38 IST">
          <exception class="java.lang.NullPointerException">
            <full-stacktrace>
              <![CDATA[java.lang.NullPointerException
at resources.Base.InitialiseDriver(Base.java:35)
at Academy.E2EProject.Assertions.Initialisation(Assertions.java:26)
at sun.reflect.NativeMethodAccessorImpl.invoke0(Native Method)
at sun.reflect.NativeMethodAccessorImpl.invoke(NativeMethodAccessorImpl.java:62)
at sun.reflect.DelegatingMethodAccessorImpl.invoke(DelegatingMethodAccessorImpl.java:43)
at java.lang.reflect.Method.invoke(Method.java:498)
at org.testng.internal.MethodInvocationHelper.invokeMethod(MethodInvocationHelper.java:132)
at org.testng.internal.MethodInvocationHelper.invokeMethodConsideringTimeout(MethodInvocationHelper.java:61)
at org.testng.internal.ConfigInvoker.invokeConfigurationMethod(ConfigInvoker.java:366)
at org.testng.internal.ConfigInvoker.invokeConfigurations(ConfigInvoker.java:320)
at org.testng.TestRunner.invokeTestConfigurations(TestRunner.java:617)
at org.testng.TestRunner.beforeRun(TestRunner.java:607)
at org.testng.TestRunner.run(TestRunner.java:578)
at org.testng.SuiteRunner.runTest(SuiteRunner.java:384)
at org.testng.SuiteRunner.access$000(SuiteRunner.java:28)
at org.testng.SuiteRunner$SuiteWorker.run(SuiteRunner.java:425)
at org.testng.internal.thread.ThreadUtil.lambda$execute$0(ThreadUtil.java:66)
at java.util.concurrent.FutureTask.run(FutureTask.java:266)
at java.util.concurrent.ThreadPoolExecutor.runWorker(ThreadPoolExecutor.java:1149)
at java.util.concurrent.ThreadPoolExecutor$Worker.run(ThreadPoolExecutor.java:624)
at java.lang.Thread.run(Thread.java:748)
]]>
            </full-stacktrace>
          </exception> <!-- java.lang.NullPointerException -->
          <reporter-output>
          </reporter-output>
        </test-method> <!-- validateHeader -->
        <test-method status="SKIP" signature="Dump()[pri:0, instance:Academy.E2EProject.Assertions@5386659f]" name="Dump" is-config="true" duration-ms="-1609150778507" started-at="2020-12-28T15:49:38 IST" finished-at="1970-01-01T05:30:00 IST">
          <reporter-output>
          </reporter-output>
        </test-method> <!-- Dump -->
      </class> <!-- Academy.E2EProject.Assertions -->
    </test> <!-- AssertionFile -->
    <test name="HomePageFile" duration-ms="138" started-at="2020-12-28T15:49:38 IST" finished-at="2020-12-28T15:49:38 IST">
      <class name="Academy.E2EProject.HomePage">
        <test-method status="FAIL" signature="Initialisation()[pri:0, instance:Academy.E2EProject.HomePage@4a83a74a]" name="Initialisation" is-config="true" duration-ms="28" started-at="2020-12-28T15:49:38 IST" finished-at="2020-12-28T15:49:38 IST">
          <exception class="java.lang.NullPointerException">
            <full-stacktrace>
              <![CDATA[java.lang.NullPointerException
at resources.Base.InitialiseDriver(Base.java:35)
at Academy.E2EProject.HomePage.Initialisation(HomePage.java:26)
at sun.reflect.NativeMethodAccessorImpl.invoke0(Native Method)
at sun.reflect.NativeMethodAccessorImpl.invoke(NativeMethodAccessorImpl.java:62)
at sun.reflect.DelegatingMethodAccessorImpl.invoke(DelegatingMethodAccessorImpl.java:43)
at java.lang.reflect.Method.invoke(Method.java:498)
at org.testng.internal.MethodInvocationHelper.invokeMethod(MethodInvocationHelper.java:132)
at org.testng.internal.MethodInvocationHelper.invokeMethodConsideringTimeout(MethodInvocationHelper.java:61)
at org.testng.internal.ConfigInvoker.invokeConfigurationMethod(ConfigInvoker.java:366)
at org.testng.internal.ConfigInvoker.invokeConfigurations(ConfigInvoker.java:320)
at org.testng.TestRunner.invokeTestConfigurations(TestRunner.java:617)
at org.testng.TestRunner.beforeRun(TestRunner.java:607)
at org.testng.TestRunner.run(TestRunner.java:578)
at org.testng.SuiteRunner.runTest(SuiteRunner.java:384)
at org.testng.SuiteRunner.access$000(SuiteRunner.java:28)
at org.testng.SuiteRunner$SuiteWorker.run(SuiteRunner.java:425)
at org.testng.internal.thread.ThreadUtil.lambda$execute$0(ThreadUtil.java:66)
at java.util.concurrent.FutureTask.run(FutureTask.java:266)
at java.util.concurrent.ThreadPoolExecutor.runWorker(ThreadPoolExecutor.java:1149)
at java.util.concurrent.ThreadPoolExecutor$Worker.run(ThreadPoolExecutor.java:624)
at java.lang.Thread.run(Thread.java:748)
]]>
            </full-stacktrace>
          </exception> <!-- java.lang.NullPointerException -->
          <reporter-output>
          </reporter-output>
        </test-method> <!-- Initialisation -->
        <test-method status="SKIP" signature="BrowserNavigation(java.lang.String, java.lang.String)[pri:0, instance:Academy.E2EProject.HomePage@4a83a74a]" name="BrowserNavigation" duration-ms="0" started-at="2020-12-28T15:49:38 IST" data-provider="getData" finished-at="2020-12-28T15:49:38 IST">
          <params>
            <param index="0">
              <value>
                <![CDATA[restrictedusr@g.com]]>
              </value>
            </param>
            <param index="1">
              <value>
                <![CDATA[restrictedusr]]>
              </value>
            </param>
          </params>
          <exception class="java.lang.NullPointerException">
            <full-stacktrace>
              <![CDATA[java.lang.NullPointerException
at resources.Base.InitialiseDriver(Base.java:35)
at Academy.E2EProject.HomePage.Initialisation(HomePage.java:26)
at sun.reflect.NativeMethodAccessorImpl.invoke0(Native Method)
at sun.reflect.NativeMethodAccessorImpl.invoke(NativeMethodAccessorImpl.java:62)
at sun.reflect.DelegatingMethodAccessorImpl.invoke(DelegatingMethodAccessorImpl.java:43)
at java.lang.reflect.Method.invoke(Method.java:498)
at org.testng.internal.MethodInvocationHelper.invokeMethod(MethodInvocationHelper.java:132)
at org.testng.internal.MethodInvocationHelper.invokeMethodConsideringTimeout(MethodInvocationHelper.java:61)
at org.testng.internal.ConfigInvoker.invokeConfigurationMethod(ConfigInvoker.java:366)
at org.testng.internal.ConfigInvoker.invokeConfigurations(ConfigInvoker.java:320)
at org.testng.TestRunner.invokeTestConfigurations(TestRunner.java:617)
at org.testng.TestRunner.beforeRun(TestRunner.java:607)
at org.testng.TestRunner.run(TestRunner.java:578)
at org.testng.SuiteRunner.runTest(SuiteRunner.java:384)
at org.testng.SuiteRunner.access$000(SuiteRunner.java:28)
at org.testng.SuiteRunner$SuiteWorker.run(SuiteRunner.java:425)
at org.testng.internal.thread.ThreadUtil.lambda$execute$0(ThreadUtil.java:66)
at java.util.concurrent.FutureTask.run(FutureTask.java:266)
at java.util.concurrent.ThreadPoolExecutor.runWorker(ThreadPoolExecutor.java:1149)
at java.util.concurrent.ThreadPoolExecutor$Worker.run(ThreadPoolExecutor.java:624)
at java.lang.Thread.run(Thread.java:748)
]]>
            </full-stacktrace>
          </exception> <!-- java.lang.NullPointerException -->
          <reporter-output>
          </reporter-output>
        </test-method> <!-- BrowserNavigation -->
        <test-method status="SKIP" signature="BrowserNavigation(java.lang.String, java.lang.String)[pri:0, instance:Academy.E2EProject.HomePage@4a83a74a]" name="BrowserNavigation" duration-ms="0" started-at="2020-12-28T15:49:38 IST" data-provider="getData" finished-at="2020-12-28T15:49:38 IST">
          <params>
            <param index="0">
              <value>
                <![CDATA[nonrestrictedusr@g.com]]>
              </value>
            </param>
            <param index="1">
              <value>
                <![CDATA[nonrestrictedusr]]>
              </value>
            </param>
          </params>
          <exception class="java.lang.NullPointerException">
            <full-stacktrace>
              <![CDATA[java.lang.NullPointerException
at resources.Base.InitialiseDriver(Base.java:35)
at Academy.E2EProject.HomePage.Initialisation(HomePage.java:26)
at sun.reflect.NativeMethodAccessorImpl.invoke0(Native Method)
at sun.reflect.NativeMethodAccessorImpl.invoke(NativeMethodAccessorImpl.java:62)
at sun.reflect.DelegatingMethodAccessorImpl.invoke(DelegatingMethodAccessorImpl.java:43)
at java.lang.reflect.Method.invoke(Method.java:498)
at org.testng.internal.MethodInvocationHelper.invokeMethod(MethodInvocationHelper.java:132)
at org.testng.internal.MethodInvocationHelper.invokeMethodConsideringTimeout(MethodInvocationHelper.java:61)
at org.testng.internal.ConfigInvoker.invokeConfigurationMethod(ConfigInvoker.java:366)
at org.testng.internal.ConfigInvoker.invokeConfigurations(ConfigInvoker.java:320)
at org.testng.TestRunner.invokeTestConfigurations(TestRunner.java:617)
at org.testng.TestRunner.beforeRun(TestRunner.java:607)
at org.testng.TestRunner.run(TestRunner.java:578)
at org.testng.SuiteRunner.runTest(SuiteRunner.java:384)
at org.testng.SuiteRunner.access$000(SuiteRunner.java:28)
at org.testng.SuiteRunner$SuiteWorker.run(SuiteRunner.java:425)
at org.testng.internal.thread.ThreadUtil.lambda$execute$0(ThreadUtil.java:66)
at java.util.concurrent.FutureTask.run(FutureTask.java:266)
at java.util.concurrent.ThreadPoolExecutor.runWorker(ThreadPoolExecutor.java:1149)
at java.util.concurrent.ThreadPoolExecutor$Worker.run(ThreadPoolExecutor.java:624)
at java.lang.Thread.run(Thread.java:748)
]]>
            </full-stacktrace>
          </exception> <!-- java.lang.NullPointerException -->
          <reporter-output>
          </reporter-output>
        </test-method> <!-- BrowserNavigation -->
        <test-method status="SKIP" signature="Dump()[pri:0, instance:Academy.E2EProject.HomePage@4a83a74a]" name="Dump" is-config="true" duration-ms="-1609150778508" started-at="2020-12-28T15:49:38 IST" finished-at="1970-01-01T05:30:00 IST">
          <reporter-output>
          </reporter-output>
        </test-method> <!-- Dump -->
      </class> <!-- Academy.E2EProject.HomePage -->
    </test> <!-- HomePageFile -->
  </suite> <!-- Suite -->
</testng-results>
