<?xml version="1.0" encoding="UTF-8"?>
<testng-results skipped="0" failed="0" ignored="0" total="0" passed="0">
  <reporter-output>
  </reporter-output>
  <suite name="Suite" duration-ms="240" started-at="2020-12-30T20:57:40 IST" finished-at="2020-12-30T20:57:40 IST">
    <groups>
      <group name="cucumber">
        <method signature="AbstractTestNGCucumberTests.runScenario(io.cucumber.testng.PickleWrapper, io.cucumber.testng.FeatureWrapper)[pri:0, instance:cucumberOptions.TestRunner@48e4374]" name="runScenario" class="io.cucumber.testng.AbstractTestNGCucumberTests"/>
      </group> <!-- cucumber -->
    </groups>
    <test name="TestRunnerFile" duration-ms="240" started-at="2020-12-30T20:57:40 IST" finished-at="2020-12-30T20:57:40 IST">
      <class name="cucumberOptions.TestRunner">
        <test-method status="PASS" signature="setUpClass()[pri:0, instance:cucumberOptions.TestRunner@48e4374]" name="setUpClass" is-config="true" duration-ms="192" started-at="2020-12-30T20:57:40 IST" finished-at="2020-12-30T20:57:40 IST">
          <reporter-output>
          </reporter-output>
        </test-method> <!-- setUpClass -->
        <test-method status="PASS" signature="tearDownClass()[pri:0, instance:cucumberOptions.TestRunner@48e4374]" name="tearDownClass" is-config="true" duration-ms="11" started-at="2020-12-30T20:57:40 IST" finished-at="2020-12-30T20:57:40 IST">
          <reporter-output>
          </reporter-output>
        </test-method> <!-- tearDownClass -->
      </class> <!-- cucumberOptions.TestRunner -->
    </test> <!-- TestRunnerFile -->
  </suite> <!-- Suite -->
</testng-results>
