<?xml version="1.0" encoding="UTF-8"?>
<testng-results skipped="0" failed="0" ignored="0" total="4" passed="4">
  <reporter-output>
  </reporter-output>
  <suite name="Suite" duration-ms="35904" started-at="2021-01-03T15:02:07 IST" finished-at="2021-01-03T15:02:43 IST">
    <groups>
    </groups>
    <test name="HomePageFile" duration-ms="33109" started-at="2021-01-03T15:02:07 IST" finished-at="2021-01-03T15:02:40 IST">
      <class name="Academy.E2EProject.HomePage">
        <test-method status="PASS" signature="Initialisation()[pri:0, instance:Academy.E2EProject.HomePage@66982506]" name="Initialisation" is-config="true" duration-ms="5206" started-at="2021-01-03T15:02:07 IST" finished-at="2021-01-03T15:02:12 IST">
          <reporter-output>
          </reporter-output>
        </test-method> <!-- Initialisation -->
        <test-method status="PASS" signature="BrowserNavigation(java.lang.String, java.lang.String)[pri:0, instance:Academy.E2EProject.HomePage@66982506]" name="BrowserNavigation" duration-ms="8505" started-at="2021-01-03T15:02:12 IST" data-provider="getData" finished-at="2021-01-03T15:02:21 IST">
          <params>
            <param index="0">
              <value>
                <![CDATA[restrictedusr@g.com]]>
              </value>
            </param>
            <param index="1">
              <value>
                <![CDATA[restrictedusr]]>
              </value>
            </param>
          </params>
          <reporter-output>
          </reporter-output>
        </test-method> <!-- BrowserNavigation -->
        <test-method status="PASS" signature="BrowserNavigation(java.lang.String, java.lang.String)[pri:0, instance:Academy.E2EProject.HomePage@66982506]" name="BrowserNavigation" duration-ms="7944" started-at="2021-01-03T15:02:21 IST" data-provider="getData" finished-at="2021-01-03T15:02:29 IST">
          <params>
            <param index="0">
              <value>
                <![CDATA[nonrestrictedusr@g.com]]>
              </value>
            </param>
            <param index="1">
              <value>
                <![CDATA[nonrestrictedusr]]>
              </value>
            </param>
          </params>
          <reporter-output>
          </reporter-output>
        </test-method> <!-- BrowserNavigation -->
        <test-method status="PASS" signature="Dump()[pri:0, instance:Academy.E2EProject.HomePage@66982506]" name="Dump" is-config="true" duration-ms="11391" started-at="2021-01-03T15:02:29 IST" finished-at="2021-01-03T15:02:40 IST">
          <reporter-output>
          </reporter-output>
        </test-method> <!-- Dump -->
      </class> <!-- Academy.E2EProject.HomePage -->
    </test> <!-- HomePageFile -->
    <test name="AssertionFile" duration-ms="35904" started-at="2021-01-03T15:02:07 IST" finished-at="2021-01-03T15:02:43 IST">
      <class name="Academy.E2EProject.Assertions">
        <test-method status="PASS" signature="Initialisation()[pri:0, instance:Academy.E2EProject.Assertions@f1da57d]" name="Initialisation" is-config="true" duration-ms="33556" started-at="2021-01-03T15:02:07 IST" finished-at="2021-01-03T15:02:41 IST">
          <reporter-output>
          </reporter-output>
        </test-method> <!-- Initialisation -->
        <test-method status="PASS" signature="BrowserNavigation()[pri:0, instance:Academy.E2EProject.Assertions@f1da57d]" name="BrowserNavigation" duration-ms="868" started-at="2021-01-03T15:02:41 IST" finished-at="2021-01-03T15:02:41 IST">
          <reporter-output>
          </reporter-output>
        </test-method> <!-- BrowserNavigation -->
        <test-method status="PASS" signature="validateHeader()[pri:0, instance:Academy.E2EProject.Assertions@f1da57d]" name="validateHeader" duration-ms="447" started-at="2021-01-03T15:02:41 IST" finished-at="2021-01-03T15:02:42 IST">
          <reporter-output>
          </reporter-output>
        </test-method> <!-- validateHeader -->
        <test-method status="PASS" signature="Dump()[pri:0, instance:Academy.E2EProject.Assertions@f1da57d]" name="Dump" is-config="true" duration-ms="1019" started-at="2021-01-03T15:02:42 IST" finished-at="2021-01-03T15:02:43 IST">
          <reporter-output>
          </reporter-output>
        </test-method> <!-- Dump -->
      </class> <!-- Academy.E2EProject.Assertions -->
    </test> <!-- AssertionFile -->
  </suite> <!-- Suite -->
</testng-results>
